<?xml version="1.0" encoding="UTF-8"?>
<testng-results skipped="0" failed="0" ignored="0" total="1" passed="1">
  <reporter-output>
  </reporter-output>
  <suite name="Default suite" duration-ms="74218" started-at="2021-01-14T07:17:23Z" finished-at="2021-01-14T07:18:37Z">
    <groups>
    </groups>
    <test name="Default test" duration-ms="74218" started-at="2021-01-14T07:17:23Z" finished-at="2021-01-14T07:18:37Z">
      <class name="sampleTest.AmazonTestApp">
        <test-method status="PASS" signature="setUp()[pri:0, instance:sampleTest.AmazonTestApp@64bf3bbf]" name="setUp" is-config="true" duration-ms="31379" started-at="2021-01-14T12:47:23Z" finished-at="2021-01-14T12:47:55Z">
          <reporter-output>
          </reporter-output>
        </test-method> <!-- setUp -->
        <test-method status="PASS" signature="productCheckoutTest()[pri:0, instance:sampleTest.AmazonTestApp@64bf3bbf]" name="productCheckoutTest" duration-ms="40204" started-at="2021-01-14T12:47:55Z" finished-at="2021-01-14T12:48:35Z">
          <reporter-output>
          </reporter-output>
        </test-method> <!-- productCheckoutTest -->
        <test-method status="PASS" signature="afterMethod(org.testng.ITestResult)[pri:0, instance:sampleTest.AmazonTestApp@64bf3bbf]" name="afterMethod" is-config="true" duration-ms="2592" started-at="2021-01-14T12:48:35Z" finished-at="2021-01-14T12:48:37Z">
          <params>
            <param index="0">
              <value>
                <![CDATA[[TestResult name=productCheckoutTest status=SUCCESS method=AmazonTestApp.productCheckoutTest()[pri:0, instance:sampleTest.AmazonTestApp@64bf3bbf] output={null}]]]>
              </value>
            </param>
          </params>
          <reporter-output>
          </reporter-output>
        </test-method> <!-- afterMethod -->
      </class> <!-- sampleTest.AmazonTestApp -->
    </test> <!-- Default test -->
  </suite> <!-- Default suite -->
</testng-results>
