<?xml version="1.0" encoding="UTF-8"?>
<testng-results skipped="0" failed="0" ignored="0" total="1" passed="1">
  <reporter-output>
  </reporter-output>
  <suite name="Default suite" duration-ms="213089" started-at="2021-01-21T06:05:07Z" finished-at="2021-01-21T06:08:40Z">
    <groups>
    </groups>
    <test name="Default test" duration-ms="213089" started-at="2021-01-21T06:05:07Z" finished-at="2021-01-21T06:08:40Z">
      <class name="sampleTest.AmazonTestApp">
        <test-method status="PASS" signature="setUp()[pri:0, instance:sampleTest.AmazonTestApp@4b952a2d]" name="setUp" is-config="true" duration-ms="52278" started-at="2021-01-21T11:35:07Z" finished-at="2021-01-21T11:35:59Z">
          <reporter-output>
          </reporter-output>
        </test-method> <!-- setUp -->
        <test-method status="PASS" signature="productVerifyTest()[pri:0, instance:sampleTest.AmazonTestApp@4b952a2d]" name="productVerifyTest" duration-ms="158992" started-at="2021-01-21T11:35:59Z" finished-at="2021-01-21T11:38:38Z">
          <reporter-output>
          </reporter-output>
        </test-method> <!-- productVerifyTest -->
        <test-method status="PASS" signature="afterMethod(org.testng.ITestResult)[pri:0, instance:sampleTest.AmazonTestApp@4b952a2d]" name="afterMethod" is-config="true" duration-ms="1790" started-at="2021-01-21T11:38:38Z" finished-at="2021-01-21T11:38:40Z">
          <params>
            <param index="0">
              <value>
                <![CDATA[[TestResult name=productVerifyTest status=SUCCESS method=AmazonTestApp.productVerifyTest()[pri:0, instance:sampleTest.AmazonTestApp@4b952a2d] output={null}]]]>
              </value>
            </param>
          </params>
          <reporter-output>
          </reporter-output>
        </test-method> <!-- afterMethod -->
      </class> <!-- sampleTest.AmazonTestApp -->
    </test> <!-- Default test -->
  </suite> <!-- Default suite -->
</testng-results>
